[2026-04-25 00:39:07 UTC] QA Monitor Daemon started (PID: 3070427)
[2026-04-25 00:39:07 UTC] Scanning all 10 projects every 6 hours — forever.
[2026-04-25 00:39:07 UTC] Trade #10: QA/Bug Detection — permanent, immutable.
[2026-04-25 00:39:07 UTC] ═══ QA SCAN START ═══
[2026-04-25 00:39:08 UTC]   ✅ atv-homes.vercel.app — HTTP 200 + CS v2
[2026-04-25 00:39:08 UTC]   ✅ quantumbotsagency.vercel.app — HTTP 200 + CS v2
[2026-04-25 00:39:08 UTC]   ✅ jeannienails.vercel.app — HTTP 200 + CS v2
[2026-04-25 00:39:08 UTC]   ✅ fallofthecabal.vercel.app — HTTP 200 + CS v2
[2026-04-25 00:39:08 UTC]   ✅ flytoaustralia.vercel.app — HTTP 200 + CS v2
[2026-04-25 00:39:08 UTC]   ✅ thedealwizard.vercel.app — HTTP 200 + CS v2
[2026-04-25 00:39:08 UTC]   ✅ drugdoctors.vercel.app — HTTP 200 + CS v2
[2026-04-25 00:39:08 UTC]   ✅ allaboutmd.vercel.app — HTTP 200 + CS v2
[2026-04-25 00:39:09 UTC]   ✅ smallbiz-financing.vercel.app — HTTP 200 + CS v2
[2026-04-25 00:39:09 UTC]   ✅ quanivo.vercel.app — HTTP 200 + CS v2
[2026-04-25 00:39:09 UTC] ═══ SCAN COMPLETE — **✅ ZERO BUGS — ALL SYSTEMS NOMINAL** ═══
[2026-04-25 00:39:41 UTC] QA Monitor Daemon started (PID: 3087444)
[2026-04-25 00:39:41 UTC] Scanning all 10 projects every 6 hours — forever.
[2026-04-25 00:39:41 UTC] Trade #10: QA/Bug Detection — permanent, immutable.
[2026-04-25 00:39:41 UTC] ═══ QA SCAN START ═══
[2026-04-25 00:39:41 UTC]   ✅ atv-homes.vercel.app — HTTP 200 + CS v2
[2026-04-25 00:39:41 UTC]   ✅ quantumbotsagency.vercel.app — HTTP 200 + CS v2
[2026-04-25 00:39:41 UTC]   ✅ jeannienails.vercel.app — HTTP 200 + CS v2
[2026-04-25 00:39:41 UTC]   ✅ fallofthecabal.vercel.app — HTTP 200 + CS v2
[2026-04-25 00:39:41 UTC]   ✅ flytoaustralia.vercel.app — HTTP 200 + CS v2
[2026-04-25 00:39:42 UTC]   ✅ thedealwizard.vercel.app — HTTP 200 + CS v2
[2026-04-25 00:39:42 UTC]   ✅ drugdoctors.vercel.app — HTTP 200 + CS v2
[2026-04-25 00:39:42 UTC]   ✅ allaboutmd.vercel.app — HTTP 200 + CS v2
[2026-04-25 00:39:42 UTC]   ✅ smallbiz-financing.vercel.app — HTTP 200 + CS v2
[2026-04-25 00:39:42 UTC]   ✅ quanivo.vercel.app — HTTP 200 + CS v2
[2026-04-25 00:39:42 UTC] ═══ SCAN COMPLETE — **✅ ZERO BUGS — ALL SYSTEMS NOMINAL** ═══
