[2026-04-25 01:01:41 UTC] CEO AUDIT ENGINE STARTED (PID: 3330661)
[2026-04-25 01:01:41 UTC] Scanning all 10 projects every 6 hours — FOR LIFE.
[2026-04-25 01:01:41 UTC] This is the permanent rule. Cannot be disabled.
[2026-04-25 01:01:41 UTC] ═══════════════════════════════════════════════════════════════
[2026-04-25 01:01:41 UTC]   CEO FULL AUDIT — Every 6 hours. Every project. Forever.
[2026-04-25 01:01:41 UTC] ═══════════════════════════════════════════════════════════════
[2026-04-25 01:01:42 UTC]   🔴 ATV Homes (atv-homes.vercel.app) — no robots.txt, no X-Frame-Options, subpage /suppliers/: 404
[2026-04-25 01:01:42 UTC]   🔴 Quantum Bots Agency (quantumbotsagency.vercel.app) — no robots.txt, no X-Frame-Options, subpage /products/: 404
[2026-04-25 01:01:43 UTC]   ⚠️ Jeannie Boutiler Nails (jeannienails.vercel.app) — no robots.txt, no X-Frame-Options
[2026-04-25 01:01:43 UTC]   ⚠️ Fall of the Cabal (fallofthecabal.vercel.app) — no robots.txt, no X-Frame-Options
[2026-04-25 01:01:44 UTC]   🔴 Fly To Australia (flytoaustralia.vercel.app) — no robots.txt, no X-Frame-Options, subpage /blog/: 404
[2026-04-25 01:01:44 UTC]   ⚠️ The Deal Wizard (thedealwizard.vercel.app) — no X-Frame-Options, subpage /privacy/: 404
[2026-04-25 01:01:44 UTC]   🔴 Drug Doctors (drugdoctors.vercel.app) — no robots.txt, no X-Frame-Options, subpage /privacy/: 404
[2026-04-25 01:01:44 UTC]   🔴 All About MD (allaboutmd.vercel.app) — no robots.txt, no X-Frame-Options, subpage /privacy/: 404
[2026-04-25 01:01:45 UTC]   ⚠️ Small Business Financing (smallbiz-financing.vercel.app) — no X-Frame-Options
[2026-04-25 01:01:45 UTC]   🔴 Quanivo (quanivo.vercel.app) — no robots.txt, no X-Frame-Options, subpage /privacy/: 404
[2026-04-25 01:01:45 UTC] 
[2026-04-25 01:01:45 UTC] ⚠️ 25 issues across 6 projects needing attention
[2026-04-25 01:01:45 UTC]   HTTP: 10/200 ✅
[2026-04-25 01:01:45 UTC]   CSv2: 10/10 ✅
[2026-04-25 01:01:45 UTC]   Schema: 1/10
[2026-04-25 01:01:45 UTC]   Security headers: 0/10
[2026-04-25 01:01:45 UTC]   robots.txt: 2/10
[2026-04-25 01:01:45 UTC] ═══════════════════════════════════════════════════════════════

[2026-04-25 02:31:33 UTC] CEO AUDIT ENGINE STARTED (PID: 63670)
[2026-04-25 02:31:33 UTC] Scanning all 10 projects every 6 hours — FOR LIFE.
[2026-04-25 02:31:33 UTC] This is the permanent rule. Cannot be disabled.
[2026-04-25 02:31:33 UTC] ═══════════════════════════════════════════════════════════════
[2026-04-25 02:31:33 UTC]   CEO FULL AUDIT — Every 6 hours. Every project. Forever.
[2026-04-25 02:31:33 UTC] ═══════════════════════════════════════════════════════════════
[2026-04-25 02:31:33 UTC]   🔴 ATV Homes (atv-homes.vercel.app) — no robots.txt, no X-Frame-Options, subpage /suppliers/: 404
[2026-04-25 02:31:34 UTC]   🔴 Quantum Bots Agency (quantumbotsagency.vercel.app) — no robots.txt, no X-Frame-Options, subpage /products/: 404
[2026-04-25 02:31:34 UTC]   ⚠️ Jeannie Boutiler Nails (jeannienails.vercel.app) — no robots.txt, no X-Frame-Options
[2026-04-25 02:31:35 UTC]   ⚠️ Fall of the Cabal (fallofthecabal.vercel.app) — no robots.txt, no X-Frame-Options
[2026-04-25 02:31:35 UTC]   🔴 Fly To Australia (flytoaustralia.vercel.app) — no robots.txt, no X-Frame-Options, subpage /blog/: 404
[2026-04-25 02:31:35 UTC]   ⚠️ The Deal Wizard (thedealwizard.vercel.app) — no X-Frame-Options, subpage /privacy/: 404
[2026-04-25 02:31:36 UTC]   🔴 Drug Doctors (drugdoctors.vercel.app) — no robots.txt, no X-Frame-Options, subpage /privacy/: 404
[2026-04-25 02:31:36 UTC]   🔴 All About MD (allaboutmd.vercel.app) — no robots.txt, no X-Frame-Options, subpage /privacy/: 404
[2026-04-25 02:31:36 UTC]   ⚠️ Small Business Financing (smallbiz-financing.vercel.app) — no X-Frame-Options
[2026-04-25 02:31:36 UTC]   🔴 Quanivo (quanivo.vercel.app) — no robots.txt, no X-Frame-Options, subpage /privacy/: 404
[2026-04-25 02:31:36 UTC] 
[2026-04-25 02:31:36 UTC] ⚠️ 25 issues across 6 projects needing attention
[2026-04-25 02:31:36 UTC]   HTTP: 10/200 ✅
[2026-04-25 02:31:36 UTC]   CSv2: 10/10 ✅
[2026-04-25 02:31:36 UTC]   Schema: 1/10
[2026-04-25 02:31:36 UTC]   Security headers: 0/10
[2026-04-25 02:31:36 UTC]   robots.txt: 2/10
[2026-04-25 02:31:36 UTC] ═══════════════════════════════════════════════════════════════

